<?xml version="1.0" encoding="UTF-8"?>
<!-- Generated by org.testng.reporters.JUnitXMLReporter -->
<testsuite hostname="QTLSYS0-223" ignored="41" name="Test" tests="1" failures="0" timestamp="16 Jun 2020 06:38:32 GMT" time="256.318" errors="0">
  <testcase name="TS_804_Store_ILP_Refi_01" time="251.023" classname="tests.QCStore"/>
  <testcase name="QF_908_TS_007" time="0.0" classname="tests.QCStore">
    <ignored/>
  </testcase> <!-- QF_908_TS_007 -->
  <testcase name="QF_908_TS_004" time="0.0" classname="tests.QCStore">
    <ignored/>
  </testcase> <!-- QF_908_TS_004 -->
  <testcase name="QF_716_TS_019" time="0.0" classname="tests.QCStore">
    <ignored/>
  </testcase> <!-- QF_716_TS_019 -->
  <testcase name="QF_908_TS_001" time="0.0" classname="tests.QCStore">
    <ignored/>
  </testcase> <!-- QF_908_TS_001 -->
  <testcase name="QF_908_TS_003" time="0.0" classname="tests.QCStore">
    <ignored/>
  </testcase> <!-- QF_908_TS_003 -->
  <testcase name="QF_908_TS_002" time="0.0" classname="tests.QCStore">
    <ignored/>
  </testcase> <!-- QF_908_TS_002 -->
  <testcase name="QF_716_TS_015" time="0.0" classname="tests.QCStore">
    <ignored/>
  </testcase> <!-- QF_716_TS_015 -->
  <testcase name="QF_601_TS_037" time="0.0" classname="tests.QCStore">
    <ignored/>
  </testcase> <!-- QF_601_TS_037 -->
  <testcase name="QF_716_TS_11" time="0.0" classname="tests.QCStore">
    <ignored/>
  </testcase> <!-- QF_716_TS_11 -->
  <testcase name="QF_716_TS_30" time="0.0" classname="tests.QCStore">
    <ignored/>
  </testcase> <!-- QF_716_TS_30 -->
  <testcase name="QF_601_TS_057" time="0.0" classname="tests.QCStore">
    <ignored/>
  </testcase> <!-- QF_601_TS_057 -->
  <testcase name="QF_601_TS_035" time="0.0" classname="tests.QCStore">
    <ignored/>
  </testcase> <!-- QF_601_TS_035 -->
  <testcase name="QF_716_TS_020" time="0.0" classname="tests.QCStore">
    <ignored/>
  </testcase> <!-- QF_716_TS_020 -->
  <testcase name="QF_601_TS_038" time="0.0" classname="tests.QCStore">
    <ignored/>
  </testcase> <!-- QF_601_TS_038 -->
  <testcase name="QF_716_TS_10" time="0.0" classname="tests.QCStore">
    <ignored/>
  </testcase> <!-- QF_716_TS_10 -->
  <testcase name="QF_601_TS_055" time="0.0" classname="tests.QCStore">
    <ignored/>
  </testcase> <!-- QF_601_TS_055 -->
  <testcase name="QF_716_TS_12" time="0.0" classname="tests.QCStore">
    <ignored/>
  </testcase> <!-- QF_716_TS_12 -->
  <testcase name="QF_716_TS_31" time="0.0" classname="tests.QCStore">
    <ignored/>
  </testcase> <!-- QF_716_TS_31 -->
  <testcase name="QF_716_TS_021" time="0.0" classname="tests.QCStore">
    <ignored/>
  </testcase> <!-- QF_716_TS_021 -->
  <testcase name="QF_601_TS_056" time="0.0" classname="tests.QCStore">
    <ignored/>
  </testcase> <!-- QF_601_TS_056 -->
  <testcase name="QF_601_TS_034" time="0.0" classname="tests.QCStore">
    <ignored/>
  </testcase> <!-- QF_601_TS_034 -->
  <testcase name="QF_601_TS_036" time="0.0" classname="tests.QCStore">
    <ignored/>
  </testcase> <!-- QF_601_TS_036 -->
  <testcase name="QF_601_TS_039" time="0.0" classname="tests.QCStore">
    <ignored/>
  </testcase> <!-- QF_601_TS_039 -->
  <testcase name="QF_716_TS_027" time="0.0" classname="tests.QCStore">
    <ignored/>
  </testcase> <!-- QF_716_TS_027 -->
  <testcase name="QF_716_TS_022" time="0.0" classname="tests.QCStore">
    <ignored/>
  </testcase> <!-- QF_716_TS_022 -->
  <testcase name="QF_716_TS_025" time="0.0" classname="tests.QCStore">
    <ignored/>
  </testcase> <!-- QF_716_TS_025 -->
  <testcase name="QF_716_TS_028" time="0.0" classname="tests.QCStore">
    <ignored/>
  </testcase> <!-- QF_716_TS_028 -->
  <testcase name="QF_716_TS_026" time="0.0" classname="tests.QCStore">
    <ignored/>
  </testcase> <!-- QF_716_TS_026 -->
  <testcase name="QF_716_TS_029" time="0.0" classname="tests.QCStore">
    <ignored/>
  </testcase> <!-- QF_716_TS_029 -->
  <testcase name="QF_601_TS_026" time="0.0" classname="tests.QCStore">
    <ignored/>
  </testcase> <!-- QF_601_TS_026 -->
  <testcase name="QF_601_TS_027" time="0.0" classname="tests.QCStore">
    <ignored/>
  </testcase> <!-- QF_601_TS_027 -->
  <testcase name="QF_716_TS_034" time="0.0" classname="tests.QCStore">
    <ignored/>
  </testcase> <!-- QF_716_TS_034 -->
  <testcase name="QF_716_TS_035" time="0.0" classname="tests.QCStore">
    <ignored/>
  </testcase> <!-- QF_716_TS_035 -->
  <testcase name="QF_601_TS_045" time="0.0" classname="tests.QCStore">
    <ignored/>
  </testcase> <!-- QF_601_TS_045 -->
  <testcase name="QF_884_TS_005" time="0.0" classname="tests.QCStore">
    <ignored/>
  </testcase> <!-- QF_884_TS_005 -->
  <testcase name="QF_716_TS_07" time="0.0" classname="tests.QCStore">
    <ignored/>
  </testcase> <!-- QF_716_TS_07 -->
  <testcase name="QF_884_TS_007" time="0.0" classname="tests.QCStore">
    <ignored/>
  </testcase> <!-- QF_884_TS_007 -->
  <testcase name="QF_601_TS_025" time="0.0" classname="tests.QCStore">
    <ignored/>
  </testcase> <!-- QF_601_TS_025 -->
  <testcase name="QF_716_TS_09" time="0.0" classname="tests.QCStore">
    <ignored/>
  </testcase> <!-- QF_716_TS_09 -->
  <testcase name="QF_908_TS_008" time="0.0" classname="tests.QCStore">
    <ignored/>
  </testcase> <!-- QF_908_TS_008 -->
  <testcase name="QF_908_TS_005" time="0.0" classname="tests.QCStore">
    <ignored/>
  </testcase> <!-- QF_908_TS_005 -->
</testsuite> <!-- Test -->
