<?xml version="1.0" encoding="UTF-8"?>
<testng-results skipped="0" failed="0" ignored="41" total="42" passed="1">
  <reporter-output>
  </reporter-output>
  <suite name="Suite" duration-ms="256318" started-at="2020-06-16T06:34:16Z" finished-at="2020-06-16T06:38:32Z">
    <groups>
      <group name="RCQ_804">
        <method signature="QCStore.TS_804_Store_ILP_Refi_01()[pri:2, instance:tests.QCStore@5f9d02cb]" name="TS_804_Store_ILP_Refi_01" class="tests.QCStore"/>
      </group> <!-- RCQ_804 -->
    </groups>
    <test name="Test" duration-ms="256318" started-at="2020-06-16T06:34:16Z" finished-at="2020-06-16T06:38:32Z">
      <class name="tests.QCStore">
        <test-method status="PASS" signature="setup()[pri:0, instance:tests.QCStore@5f9d02cb]" name="setup" is-config="true" duration-ms="79" started-at="2020-06-16T06:34:16Z" finished-at="2020-06-16T06:34:16Z">
          <reporter-output>
          </reporter-output>
        </test-method> <!-- setup -->
        <test-method status="PASS" signature="killProcess()[pri:0, instance:tests.QCStore@5f9d02cb]" name="killProcess" is-config="true" duration-ms="5000" started-at="2020-06-16T06:34:16Z" finished-at="2020-06-16T06:34:21Z">
          <reporter-output>
          </reporter-output>
        </test-method> <!-- killProcess -->
        <test-method status="PASS" signature="TS_804_Store_ILP_Refi_01()[pri:2, instance:tests.QCStore@5f9d02cb]" name="TS_804_Store_ILP_Refi_01" duration-ms="251023" started-at="2020-06-16T06:34:21Z" finished-at="2020-06-16T06:38:32Z">
          <reporter-output>
          </reporter-output>
        </test-method> <!-- TS_804_Store_ILP_Refi_01 -->
        <test-method status="PASS" signature="endReport()[pri:0, instance:tests.QCStore@5f9d02cb]" name="endReport" is-config="true" duration-ms="0" started-at="2020-06-16T06:38:32Z" finished-at="2020-06-16T06:38:32Z">
          <reporter-output>
          </reporter-output>
        </test-method> <!-- endReport -->
        <test-method status="PASS" signature="getResult(org.testng.ITestResult)[pri:0, instance:tests.QCStore@5f9d02cb]" name="getResult" is-config="true" duration-ms="202" started-at="2020-06-16T06:38:32Z" finished-at="2020-06-16T06:38:32Z">
          <params>
            <param index="0">
              <value>
                <![CDATA[[TestResult name=TS_804_Store_ILP_Refi_01 status=SUCCESS method=QCStore.TS_804_Store_ILP_Refi_01()[pri:2, instance:tests.QCStore@5f9d02cb] output={null}]]]>
              </value>
            </param>
          </params>
          <reporter-output>
          </reporter-output>
        </test-method> <!-- getResult -->
      </class> <!-- tests.QCStore -->
    </test> <!-- Test -->
  </suite> <!-- Suite -->
</testng-results>
